<?xml version="1.0" encoding="UTF-8"?>
<!-- Generated by org.testng.reporters.JUnitXMLReporter -->
<testsuite ignored="0" hostname="LTCH-5CD141CTDF" failures="0" tests="5" name="Test" time="58.967" errors="0" timestamp="2024-01-26T16:38:20 IST">
  <testcase classname="testCases.TC_003_Login_DDT" name="test_loginDDT" time="4.275"/>
  <testcase classname="testCases.TC_003_Login_DDT" name="test_loginDDT" time="10.587"/>
  <testcase classname="testCases.TC_003_Login_DDT" name="test_loginDDT" time="11.192"/>
  <testcase classname="testCases.TC_003_Login_DDT" name="test_loginDDT" time="11.923"/>
  <testcase classname="testCases.TC_003_Login_DDT" name="test_loginDDT" time="2.531"/>
</testsuite> <!-- Test -->
